Welcome to Xilinx CORE Generator.
Help system initialized.
The IP Catalog has been reloaded.
Wrote CGP file for project 'coregen'.
Customize and GenerateINFO:sim:172 - Generating IP...
Applying current project options...
Finished applying current project options.
Resolving generics for 'camera_fifo'...
Applying external generics to 'camera_fifo'...
Delivering associated files for 'camera_fifo'...
WARNING:sim - Can't find 'Verilog' synthesis view; using general synthesis view
Delivering EJava files for 'camera_fifo'...
Generating implementation netlist for 'camera_fifo'...
INFO:sim - Pre-processing HDL files for 'camera_fifo'...
WARNING:sim - BlackBox generator run option '-ifmt' found multiple times. Only
   the first occurence is considered.
Running synthesis for 'camera_fifo'
Running ngcbuild...
Writing VEO instantiation template for 'camera_fifo'...
Writing Verilog behavioral simulation model for 'camera_fifo'...
Generating ASY schematic symbol...
INFO:sim:949 - Finished generation of ASY schematic symbol.
Generating metadata file...
Generating ISE project...
XCO file found: camera_fifo.xco
XMDF file found: camera_fifo_xmdf.tcl
Adding /home/sam/atlys-bsb/coregen/tmp/_cg/camera_fifo.asy -view all
-origin_type imported
Adding /home/sam/atlys-bsb/coregen/tmp/_cg/camera_fifo.ngc -view all
-origin_type created
Checking file "/home/sam/atlys-bsb/coregen/tmp/_cg/camera_fifo.ngc" for project
device match ...
File "/home/sam/atlys-bsb/coregen/tmp/_cg/camera_fifo.ngc" device information
matches project device.
Adding /home/sam/atlys-bsb/coregen/tmp/_cg/camera_fifo.v -view all -origin_type
created
INFO:HDLCompiler:1845 - Analyzing Verilog file
   "/home/sam/atlys-bsb/coregen/tmp/_cg/camera_fifo.v" into library work
INFO:ProjectMgmt - Parsing design hierarchy completed successfully.
Adding /home/sam/atlys-bsb/coregen/tmp/_cg/camera_fifo.veo -view all
-origin_type imported
Adding /home/sam/atlys-bsb/coregen/tmp/_cg/fifo_generator_v8_4_readme.txt -view
all -origin_type imported
INFO:TclTasksC:2116 - The automatic calculation of top has been turned-off.
   Please set the new top explicitly by running the "project set top" command.
   To re-calculate the new top automatically, set the "Auto Implementation Top"
   property to true.
Top level has been set to "/camera_fifo"
Generating README file...
Generating FLIST file...
INFO:sim:948 - Finished FLIST file generation.
Launching README viewer...
Moving files to output directory...
Finished moving files to output directory
Saved CGP file for project 'coregen'.
Closed project file.
